CarbonPlane/build/outputs/logs/manifest-merger-debug-report.txt
-- Merging decision tree log ---
manifest
ADDED from Application\CarbonPlane\AndroidManifest.xml:2:1-49:12
	package
		ADDED from Application\CarbonPlane\AndroidManifest.xml:3:5-39
		INJECTED from Application\CarbonPlane\AndroidManifest.xml
		INJECTED from Application\CarbonPlane\AndroidManifest.xml
	android:versionName
		ADDED from Application\CarbonPlane\AndroidManifest.xml:5:5-30
		INJECTED from Application\CarbonPlane\AndroidManifest.xml
		INJECTED from Application\CarbonPlane\AndroidManifest.xml
	android:versionCode
		ADDED from Application\CarbonPlane\AndroidManifest.xml:4:5-28
		INJECTED from Application\CarbonPlane\AndroidManifest.xml
		INJECTED from Application\CarbonPlane\AndroidManifest.xml
	xmlns:android
		ADDED from Application\CarbonPlane\AndroidManifest.xml:2:11-69
uses-sdk
ADDED from Application\CarbonPlane\AndroidManifest.xml:7:5-9:41
	android:targetSdkVersion
		ADDED from Application\CarbonPlane\AndroidManifest.xml:9:9-38
	android:minSdkVersion
		ADDED from Application\CarbonPlane\AndroidManifest.xml:8:9-35
uses-feature#android.hardware.bluetooth_le
ADDED from Application\CarbonPlane\AndroidManifest.xml:10:5-89
	android:required
		ADDED from Application\CarbonPlane\AndroidManifest.xml:10:19-42
	android:name
		ADDED from Application\CarbonPlane\AndroidManifest.xml:10:43-87
uses-permission#android.permission.BLUETOOTH
ADDED from Application\CarbonPlane\AndroidManifest.xml:11:2-64
	android:name
		ADDED from Application\CarbonPlane\AndroidManifest.xml:11:19-62
uses-permission#android.permission.WRITE_EXTERNAL_STORAGE
ADDED from Application\CarbonPlane\AndroidManifest.xml:12:2-77
	android:name
		ADDED from Application\CarbonPlane\AndroidManifest.xml:12:19-75
uses-permission#android.permission.VIBRATE
ADDED from Application\CarbonPlane\AndroidManifest.xml:13:2-62
	android:name
		ADDED from Application\CarbonPlane\AndroidManifest.xml:13:19-60
uses-permission#android.permission.BLUETOOTH_ADMIN
ADDED from Application\CarbonPlane\AndroidManifest.xml:14:2-70
	android:name
		ADDED from Application\CarbonPlane\AndroidManifest.xml:14:19-68
uses-permission#android.permission.MOUNT_UNMOUNT_FILESYSTEMS
ADDED from Application\CarbonPlane\AndroidManifest.xml:15:5-84
	android:name
		ADDED from Application\CarbonPlane\AndroidManifest.xml:15:22-81
uses-permission#android.permission.INTERNET
ADDED from Application\CarbonPlane\AndroidManifest.xml:16:5-67
	android:name
		ADDED from Application\CarbonPlane\AndroidManifest.xml:16:22-64
uses-permission#android.permission.READ_EXTERNAL_STORAGE
ADDED from Application\CarbonPlane\AndroidManifest.xml:17:5-80
	android:name
		ADDED from Application\CarbonPlane\AndroidManifest.xml:17:22-77
uses-permission#android.permission.SYSTEM_ALERT_WINDOW
ADDED from Application\CarbonPlane\AndroidManifest.xml:18:2-74
	android:name
		ADDED from Application\CarbonPlane\AndroidManifest.xml:18:19-72
uses-permission#android.permission.KILL_BACKGROUND_PROCESSES
ADDED from Application\CarbonPlane\AndroidManifest.xml:19:5-83
	android:name
		ADDED from Application\CarbonPlane\AndroidManifest.xml:19:22-81
application
ADDED from Application\CarbonPlane\AndroidManifest.xml:20:5-47:19
	android:label
		ADDED from Application\CarbonPlane\AndroidManifest.xml:24:9-41
	android:allowBackup
		ADDED from Application\CarbonPlane\AndroidManifest.xml:22:9-35
	android:icon
		ADDED from Application\CarbonPlane\AndroidManifest.xml:23:9-49
	android:theme
		ADDED from Application\CarbonPlane\AndroidManifest.xml:25:9-56
	android:name
		ADDED from Application\CarbonPlane\AndroidManifest.xml:21:9-63
activity#com.airtops.carbon.plane.fly.GuideActivity
ADDED from Application\CarbonPlane\AndroidManifest.xml:26:9-28:20
	android:screenOrientation
		ADDED from Application\CarbonPlane\AndroidManifest.xml:27:71-107
	android:name
		ADDED from Application\CarbonPlane\AndroidManifest.xml:27:13-70
activity#com.airtops.carbon.plane.fly.DeviceScanActivity
ADDED from Application\CarbonPlane\AndroidManifest.xml:29:9-31:20
	android:screenOrientation
		ADDED from Application\CarbonPlane\AndroidManifest.xml:30:76-112
	android:name
		ADDED from Application\CarbonPlane\AndroidManifest.xml:30:13-75
activity#com.airtops.carbon.plane.fly.ControllerActivity
ADDED from Application\CarbonPlane\AndroidManifest.xml:32:9-34:20
	android:screenOrientation
		ADDED from Application\CarbonPlane\AndroidManifest.xml:33:76-112
	android:name
		ADDED from Application\CarbonPlane\AndroidManifest.xml:33:13-75
activity#com.airtops.carbon.plane.fly.SplashActivity
ADDED from Application\CarbonPlane\AndroidManifest.xml:35:9-42:20
	android:screenOrientation
		ADDED from Application\CarbonPlane\AndroidManifest.xml:36:72-108
	android:name
		ADDED from Application\CarbonPlane\AndroidManifest.xml:36:13-71
intent-filter#android.intent.action.MAIN+android.intent.category.LAUNCHER
ADDED from Application\CarbonPlane\AndroidManifest.xml:37:13-41:29
action#android.intent.action.MAIN
ADDED from Application\CarbonPlane\AndroidManifest.xml:38:17-69
	android:name
		ADDED from Application\CarbonPlane\AndroidManifest.xml:38:25-66
category#android.intent.category.LAUNCHER
ADDED from Application\CarbonPlane\AndroidManifest.xml:40:17-77
	android:name
		ADDED from Application\CarbonPlane\AndroidManifest.xml:40:27-74
service#com.airtops.carbon.plane.service.CarbonPlaneService
ADDED from Application\CarbonPlane\AndroidManifest.xml:43:3-45:19
	android:name
		ADDED from Application\CarbonPlane\AndroidManifest.xml:44:13-79